2025-05-09T11:22:08.014+02:00  INFO 22648 --- [SafetyNetAlerts] [main] c.s.controller.AlertControllerTest       : Starting AlertControllerTest using Java 21.0.3 with PID 22648 (started by Dev in C:\Users\Dev\Documents\OpenClassRooms\Formation_DevJava\P5\SafetyNetAlerts)
2025-05-09T11:22:08.026+02:00  INFO 22648 --- [SafetyNetAlerts] [main] c.s.controller.AlertControllerTest       : No active profile set, falling back to 1 default profile: "default"
2025-05-09T11:22:11.425+02:00  INFO 22648 --- [SafetyNetAlerts] [main] o.s.b.t.m.w.SpringBootMockServletContext : Initializing Spring TestDispatcherServlet ''
2025-05-09T11:22:11.427+02:00  INFO 22648 --- [SafetyNetAlerts] [main] o.s.t.web.servlet.TestDispatcherServlet  : Initializing Servlet ''
2025-05-09T11:22:11.430+02:00  INFO 22648 --- [SafetyNetAlerts] [main] o.s.t.web.servlet.TestDispatcherServlet  : Completed initialization in 2 ms
2025-05-09T11:22:11.493+02:00  INFO 22648 --- [SafetyNetAlerts] [main] c.s.controller.AlertControllerTest       : Started AlertControllerTest in 4.253 seconds (process running for 6.899)
2025-05-09T11:22:11.745+02:00  INFO 22648 --- [SafetyNetAlerts] [main] c.s.controller.AlertController           : GET /flood/stations?stations=[1]
2025-05-09T11:22:11.756+02:00  INFO 22648 --- [SafetyNetAlerts] [main] c.s.controller.AlertController           : Response => 1 household(s)
2025-05-09T11:22:12.033+02:00  INFO 22648 --- [SafetyNetAlerts] [main] c.s.controller.AlertController           : GET /communityEmail?city=Culver
2025-05-09T11:22:12.035+02:00  INFO 22648 --- [SafetyNetAlerts] [main] c.s.controller.AlertController           : Response => 2 email(s) found
2025-05-09T11:22:12.050+02:00  INFO 22648 --- [SafetyNetAlerts] [main] c.s.controller.AlertController           : GET /personInfo?lastName=Boyd
2025-05-09T11:22:12.050+02:00  INFO 22648 --- [SafetyNetAlerts] [main] c.s.controller.AlertController           : Response => 1 person(s) found
2025-05-09T11:22:12.073+02:00  INFO 22648 --- [SafetyNetAlerts] [main] c.s.controller.AlertController           : GET /phoneAlert?firestation=1
2025-05-09T11:22:12.075+02:00  INFO 22648 --- [SafetyNetAlerts] [main] c.s.controller.AlertController           : Response => 2 phone number(s) found
2025-05-09T11:22:12.093+02:00  INFO 22648 --- [SafetyNetAlerts] [main] c.s.controller.AlertController           : GET /fire?address=1509 Culver St
2025-05-09T11:22:12.094+02:00  INFO 22648 --- [SafetyNetAlerts] [main] c.s.controller.AlertController           : Response => stationNumber=1, 1 occupant(s)
2025-05-09T11:22:12.131+02:00  INFO 22648 --- [SafetyNetAlerts] [main] c.s.controller.AlertController           : GET /childAlert?address=1509 Culver St
2025-05-09T11:22:12.132+02:00  INFO 22648 --- [SafetyNetAlerts] [main] c.s.controller.AlertController           : Response => 1 child(ren) found
2025-05-09T11:22:12.188+02:00  INFO 22648 --- [SafetyNetAlerts] [main] t.c.s.AnnotationConfigContextLoaderUtils : Could not detect default configuration classes for test class [com.safetynetalerts.controller.FirestationControllerTest]: FirestationControllerTest does not declare any static, non-private, non-final, nested classes annotated with @Configuration.
2025-05-09T11:22:12.241+02:00  INFO 22648 --- [SafetyNetAlerts] [main] .b.t.c.SpringBootTestContextBootstrapper : Found @SpringBootConfiguration com.safetynetalerts.SafetyNetAlertsApplication for test class com.safetynetalerts.controller.FirestationControllerTest
2025-05-09T11:22:12.249+02:00  INFO 22648 --- [SafetyNetAlerts] [main] o.s.b.d.r.RestartApplicationListener     : Restart disabled due to context in which it is running
2025-05-09T11:22:12.307+02:00  INFO 22648 --- [SafetyNetAlerts] [main] c.s.c.FirestationControllerTest          : Starting FirestationControllerTest using Java 21.0.3 with PID 22648 (started by Dev in C:\Users\Dev\Documents\OpenClassRooms\Formation_DevJava\P5\SafetyNetAlerts)
2025-05-09T11:22:12.308+02:00  INFO 22648 --- [SafetyNetAlerts] [main] c.s.c.FirestationControllerTest          : No active profile set, falling back to 1 default profile: "default"
2025-05-09T11:22:12.702+02:00  INFO 22648 --- [SafetyNetAlerts] [main] o.s.b.t.m.w.SpringBootMockServletContext : Initializing Spring TestDispatcherServlet ''
2025-05-09T11:22:12.703+02:00  INFO 22648 --- [SafetyNetAlerts] [main] o.s.t.web.servlet.TestDispatcherServlet  : Initializing Servlet ''
2025-05-09T11:22:12.704+02:00  INFO 22648 --- [SafetyNetAlerts] [main] o.s.t.web.servlet.TestDispatcherServlet  : Completed initialization in 1 ms
2025-05-09T11:22:12.718+02:00  INFO 22648 --- [SafetyNetAlerts] [main] c.s.c.FirestationControllerTest          : Started FirestationControllerTest in 0.471 seconds (process running for 8.124)
2025-05-09T11:22:12.840+02:00  INFO 22648 --- [SafetyNetAlerts] [main] c.s.controller.FirestationController     : PUT /firestation => address=1509 Culver St, new station=5
2025-05-09T11:22:12.855+02:00  INFO 22648 --- [SafetyNetAlerts] [main] c.s.controller.FirestationController     : POST /firestation => adding address=1509 Culver St, station=1
2025-05-09T11:22:12.870+02:00  INFO 22648 --- [SafetyNetAlerts] [main] c.s.controller.FirestationController     : DELETE /firestation?address=1509 Culver St
2025-05-09T11:22:12.885+02:00  INFO 22648 --- [SafetyNetAlerts] [main] c.s.controller.FirestationController     : GET /firestation?stationNumber=1
2025-05-09T11:22:12.886+02:00  INFO 22648 --- [SafetyNetAlerts] [main] c.s.controller.FirestationController     : Response => 2 persons, 1 adults, 1 children
2025-05-09T11:22:12.918+02:00  INFO 22648 --- [SafetyNetAlerts] [main] t.c.s.AnnotationConfigContextLoaderUtils : Could not detect default configuration classes for test class [com.safetynetalerts.controller.MedicalRecordControllerTest]: MedicalRecordControllerTest does not declare any static, non-private, non-final, nested classes annotated with @Configuration.
2025-05-09T11:22:12.950+02:00  INFO 22648 --- [SafetyNetAlerts] [main] .b.t.c.SpringBootTestContextBootstrapper : Found @SpringBootConfiguration com.safetynetalerts.SafetyNetAlertsApplication for test class com.safetynetalerts.controller.MedicalRecordControllerTest
2025-05-09T11:22:12.958+02:00  INFO 22648 --- [SafetyNetAlerts] [main] o.s.b.d.r.RestartApplicationListener     : Restart disabled due to context in which it is running
2025-05-09T11:22:12.993+02:00  INFO 22648 --- [SafetyNetAlerts] [main] c.s.c.MedicalRecordControllerTest        : Starting MedicalRecordControllerTest using Java 21.0.3 with PID 22648 (started by Dev in C:\Users\Dev\Documents\OpenClassRooms\Formation_DevJava\P5\SafetyNetAlerts)
2025-05-09T11:22:12.994+02:00  INFO 22648 --- [SafetyNetAlerts] [main] c.s.c.MedicalRecordControllerTest        : No active profile set, falling back to 1 default profile: "default"
2025-05-09T11:22:13.281+02:00  INFO 22648 --- [SafetyNetAlerts] [main] o.s.b.t.m.w.SpringBootMockServletContext : Initializing Spring TestDispatcherServlet ''
2025-05-09T11:22:13.281+02:00  INFO 22648 --- [SafetyNetAlerts] [main] o.s.t.web.servlet.TestDispatcherServlet  : Initializing Servlet ''
2025-05-09T11:22:13.282+02:00  INFO 22648 --- [SafetyNetAlerts] [main] o.s.t.web.servlet.TestDispatcherServlet  : Completed initialization in 1 ms
2025-05-09T11:22:13.292+02:00  INFO 22648 --- [SafetyNetAlerts] [main] c.s.c.MedicalRecordControllerTest        : Started MedicalRecordControllerTest in 0.337 seconds (process running for 8.698)
2025-05-09T11:22:13.303+02:00  INFO 22648 --- [SafetyNetAlerts] [main] c.s.controller.MedicalRecordController   : GET /medicalRecord/search?firstName=John&lastName=Boyd
2025-05-09T11:22:13.330+02:00  INFO 22648 --- [SafetyNetAlerts] [main] c.s.controller.MedicalRecordController   : POST /medicalRecord => adding record for John Boyd
2025-05-09T11:22:13.341+02:00  INFO 22648 --- [SafetyNetAlerts] [main] c.s.controller.MedicalRecordController   : GET /medicalRecord => fetching all medical records
2025-05-09T11:22:13.342+02:00  INFO 22648 --- [SafetyNetAlerts] [main] c.s.controller.MedicalRecordController   : Found 2 medical records.
2025-05-09T11:22:13.365+02:00  INFO 22648 --- [SafetyNetAlerts] [main] c.s.controller.MedicalRecordController   : DELETE /medicalRecord?firstName=John&lastName=Boyd
2025-05-09T11:22:13.380+02:00  INFO 22648 --- [SafetyNetAlerts] [main] c.s.controller.MedicalRecordController   : PUT /medicalRecord => updating record for John Boyd
2025-05-09T11:22:13.401+02:00  INFO 22648 --- [SafetyNetAlerts] [main] t.c.s.AnnotationConfigContextLoaderUtils : Could not detect default configuration classes for test class [com.safetynetalerts.controller.PersonControllerTest]: PersonControllerTest does not declare any static, non-private, non-final, nested classes annotated with @Configuration.
2025-05-09T11:22:13.424+02:00  INFO 22648 --- [SafetyNetAlerts] [main] .b.t.c.SpringBootTestContextBootstrapper : Found @SpringBootConfiguration com.safetynetalerts.SafetyNetAlertsApplication for test class com.safetynetalerts.controller.PersonControllerTest
2025-05-09T11:22:13.431+02:00  INFO 22648 --- [SafetyNetAlerts] [main] o.s.b.d.r.RestartApplicationListener     : Restart disabled due to context in which it is running
2025-05-09T11:22:13.463+02:00  INFO 22648 --- [SafetyNetAlerts] [main] c.s.controller.PersonControllerTest      : Starting PersonControllerTest using Java 21.0.3 with PID 22648 (started by Dev in C:\Users\Dev\Documents\OpenClassRooms\Formation_DevJava\P5\SafetyNetAlerts)
2025-05-09T11:22:13.464+02:00  INFO 22648 --- [SafetyNetAlerts] [main] c.s.controller.PersonControllerTest      : No active profile set, falling back to 1 default profile: "default"
2025-05-09T11:22:13.719+02:00  INFO 22648 --- [SafetyNetAlerts] [main] o.s.b.t.m.w.SpringBootMockServletContext : Initializing Spring TestDispatcherServlet ''
2025-05-09T11:22:13.719+02:00  INFO 22648 --- [SafetyNetAlerts] [main] o.s.t.web.servlet.TestDispatcherServlet  : Initializing Servlet ''
2025-05-09T11:22:13.721+02:00  INFO 22648 --- [SafetyNetAlerts] [main] o.s.t.web.servlet.TestDispatcherServlet  : Completed initialization in 2 ms
2025-05-09T11:22:13.727+02:00  INFO 22648 --- [SafetyNetAlerts] [main] c.s.controller.PersonControllerTest      : Started PersonControllerTest in 0.297 seconds (process running for 9.133)
2025-05-09T11:22:13.742+02:00  INFO 22648 --- [SafetyNetAlerts] [main] c.s.controller.PersonController          : POST /person => creating person: John Boyd
2025-05-09T11:22:13.759+02:00  INFO 22648 --- [SafetyNetAlerts] [main] c.s.controller.PersonController          : DELETE /person?firstName=John&lastName=Boyd called
2025-05-09T11:22:13.772+02:00  INFO 22648 --- [SafetyNetAlerts] [main] c.s.controller.PersonController          : GET /person/search?firstName=John&lastName=Boyd called
2025-05-09T11:22:13.785+02:00  INFO 22648 --- [SafetyNetAlerts] [main] c.s.controller.PersonController          : GET /person called => fetching all persons
2025-05-09T11:22:13.786+02:00  INFO 22648 --- [SafetyNetAlerts] [main] c.s.controller.PersonController          : Found 2 persons.
2025-05-09T11:22:13.799+02:00  INFO 22648 --- [SafetyNetAlerts] [main] c.s.controller.PersonController          : PUT /person => updating person: John Boyd
2025-05-09T11:22:13.816+02:00  INFO 22648 --- [SafetyNetAlerts] [main] t.c.s.AnnotationConfigContextLoaderUtils : Could not detect default configuration classes for test class [com.safetynetalerts.SafetyNetAlertsApplicationTests]: SafetyNetAlertsApplicationTests does not declare any static, non-private, non-final, nested classes annotated with @Configuration.
2025-05-09T11:22:13.842+02:00  INFO 22648 --- [SafetyNetAlerts] [main] .b.t.c.SpringBootTestContextBootstrapper : Found @SpringBootConfiguration com.safetynetalerts.SafetyNetAlertsApplication for test class com.safetynetalerts.SafetyNetAlertsApplicationTests
2025-05-09T11:22:13.851+02:00  INFO 22648 --- [SafetyNetAlerts] [main] o.s.b.d.r.RestartApplicationListener     : Restart disabled due to context in which it is running
2025-05-09T11:22:13.887+02:00  INFO 22648 --- [SafetyNetAlerts] [main] c.s.SafetyNetAlertsApplicationTests      : Starting SafetyNetAlertsApplicationTests using Java 21.0.3 with PID 22648 (started by Dev in C:\Users\Dev\Documents\OpenClassRooms\Formation_DevJava\P5\SafetyNetAlerts)
2025-05-09T11:22:13.887+02:00  INFO 22648 --- [SafetyNetAlerts] [main] c.s.SafetyNetAlertsApplicationTests      : No active profile set, falling back to 1 default profile: "default"
2025-05-09T11:22:14.509+02:00  INFO 22648 --- [SafetyNetAlerts] [main] c.s.SafetyNetAlertsApplicationTests      : Started SafetyNetAlertsApplicationTests in 0.659 seconds (process running for 9.916)
2025-05-09T11:22:14.727+02:00  WARN 22648 --- [SafetyNetAlerts] [main] c.s.service.FirestationService           : No firestation mapping found for address=No street
2025-05-09T11:22:14.735+02:00  INFO 22648 --- [SafetyNetAlerts] [main] c.s.service.FirestationService           : Deleted firestation mapping for address=29 15th St
2025-05-09T11:22:14.740+02:00  INFO 22648 --- [SafetyNetAlerts] [main] c.s.service.FirestationService           : Added new firestation mapping: address=487 New St, station=3
2025-05-09T11:22:14.747+02:00  WARN 22648 --- [SafetyNetAlerts] [main] c.s.service.FirestationService           : Address 1509 Culver St already mapped to a station. No creation done.
2025-05-09T11:22:14.752+02:00  INFO 22648 --- [SafetyNetAlerts] [main] c.s.service.FirestationService           : Updating firestation for address=1509 Culver St from station=1 to station=5
2025-05-09T11:22:14.758+02:00  WARN 22648 --- [SafetyNetAlerts] [main] c.s.service.FirestationService           : Address Unknown not found, update not performed.
2025-05-09T11:22:14.771+02:00  INFO 22648 --- [SafetyNetAlerts] [main] c.s.service.MedicalRecordService         : Deleted medical record for John Boyd
2025-05-09T11:22:14.778+02:00  INFO 22648 --- [SafetyNetAlerts] [main] c.s.service.MedicalRecordService         : Added new medical record for Bob Marley. Birthdate=03/03/1993, medications=[ganja:420mg], allergies=[]
2025-05-09T11:22:14.787+02:00  WARN 22648 --- [SafetyNetAlerts] [main] c.s.service.MedicalRecordService         : No medical record found for Bob Marley. No deletion performed.
2025-05-09T11:22:14.798+02:00  WARN 22648 --- [SafetyNetAlerts] [main] c.s.service.MedicalRecordService         : MedicalRecord for John Boyd already exists. No creation performed.
2025-05-09T11:22:14.806+02:00  WARN 22648 --- [SafetyNetAlerts] [main] c.s.service.MedicalRecordService         : MedicalRecord for Alice Wonder not found. Update not performed.
2025-05-09T11:22:14.814+02:00  INFO 22648 --- [SafetyNetAlerts] [main] c.s.service.MedicalRecordService         : Updating medical record for Jane Doe
2025-05-09T11:22:14.827+02:00  INFO 22648 --- [SafetyNetAlerts] [main] c.safetynetalerts.service.PersonService  : Added person: firstName=John, lastName=Doe, address=1 Main, city=City, zip=00000, phone=333, email=john@doe.com
2025-05-09T11:22:14.833+02:00  INFO 22648 --- [SafetyNetAlerts] [main] c.safetynetalerts.service.PersonService  : Updating person: Alice Cooper
2025-05-09T11:22:14.839+02:00  INFO 22648 --- [SafetyNetAlerts] [main] c.safetynetalerts.service.PersonService  : Deleted person: firstName=Bob, lastName=Marley
2025-05-09T11:22:14.840+02:00  WARN 22648 --- [SafetyNetAlerts] [main] c.safetynetalerts.service.PersonService  : Person Bob Marley not found. No deletion performed.
2025-05-09T11:22:14.848+02:00  WARN 22648 --- [SafetyNetAlerts] [main] c.safetynetalerts.service.PersonService  : Person Ghost User not found. Update not performed.
2025-05-09T11:22:14.858+02:00  WARN 22648 --- [SafetyNetAlerts] [main] c.safetynetalerts.service.PersonService  : Person Bob Marley already exists. No creation performed.
2025-05-09T11:23:06.135+02:00  INFO 11656 --- [SafetyNetAlerts] [restartedMain] c.s.SafetyNetAlertsApplication           : Starting SafetyNetAlertsApplication using Java 21.0.3 with PID 11656 (C:\Users\Dev\Documents\OpenClassRooms\Formation_DevJava\P5\SafetyNetAlerts\target\classes started by Dev in C:\Users\Dev\Documents\OpenClassRooms\Formation_DevJava\P5\SafetyNetAlerts)
2025-05-09T11:23:06.139+02:00  INFO 11656 --- [SafetyNetAlerts] [restartedMain] c.s.SafetyNetAlertsApplication           : No active profile set, falling back to 1 default profile: "default"
2025-05-09T11:23:06.207+02:00  INFO 11656 --- [SafetyNetAlerts] [restartedMain] .e.DevToolsPropertyDefaultsPostProcessor : Devtools property defaults active! Set 'spring.devtools.add-properties' to 'false' to disable
2025-05-09T11:23:06.208+02:00  INFO 11656 --- [SafetyNetAlerts] [restartedMain] .e.DevToolsPropertyDefaultsPostProcessor : For additional web related logging consider setting the 'logging.level.web' property to 'DEBUG'
2025-05-09T11:23:07.351+02:00  INFO 11656 --- [SafetyNetAlerts] [restartedMain] o.s.b.w.embedded.tomcat.TomcatWebServer  : Tomcat initialized with port 8080 (http)
2025-05-09T11:23:07.367+02:00  INFO 11656 --- [SafetyNetAlerts] [restartedMain] o.apache.catalina.core.StandardService   : Starting service [Tomcat]
2025-05-09T11:23:07.368+02:00  INFO 11656 --- [SafetyNetAlerts] [restartedMain] o.apache.catalina.core.StandardEngine    : Starting Servlet engine: [Apache Tomcat/10.1.39]
2025-05-09T11:23:07.415+02:00  INFO 11656 --- [SafetyNetAlerts] [restartedMain] o.a.c.c.C.[Tomcat].[localhost].[/]       : Initializing Spring embedded WebApplicationContext
2025-05-09T11:23:07.416+02:00  INFO 11656 --- [SafetyNetAlerts] [restartedMain] w.s.c.ServletWebServerApplicationContext : Root WebApplicationContext: initialization completed in 1208 ms
2025-05-09T11:23:07.972+02:00  INFO 11656 --- [SafetyNetAlerts] [restartedMain] o.s.b.d.a.OptionalLiveReloadServer       : LiveReload server is running on port 35729
2025-05-09T11:23:08.019+02:00  INFO 11656 --- [SafetyNetAlerts] [restartedMain] o.s.b.w.embedded.tomcat.TomcatWebServer  : Tomcat started on port 8080 (http) with context path '/'
2025-05-09T11:23:08.029+02:00  INFO 11656 --- [SafetyNetAlerts] [restartedMain] c.s.SafetyNetAlertsApplication           : Started SafetyNetAlertsApplication in 2.476 seconds (process running for 3.316)
2025-05-09T11:23:29.546+02:00  INFO 11656 --- [SafetyNetAlerts] [http-nio-8080-exec-1] o.a.c.c.C.[Tomcat].[localhost].[/]       : Initializing Spring DispatcherServlet 'dispatcherServlet'
2025-05-09T11:23:29.548+02:00  INFO 11656 --- [SafetyNetAlerts] [http-nio-8080-exec-1] o.s.web.servlet.DispatcherServlet        : Initializing Servlet 'dispatcherServlet'
2025-05-09T11:23:29.552+02:00  INFO 11656 --- [SafetyNetAlerts] [http-nio-8080-exec-1] o.s.web.servlet.DispatcherServlet        : Completed initialization in 2 ms
2025-05-09T11:23:29.661+02:00  INFO 11656 --- [SafetyNetAlerts] [http-nio-8080-exec-1] c.s.controller.FirestationController     : GET /firestation?stationNumber=1
2025-05-09T11:23:29.675+02:00  INFO 11656 --- [SafetyNetAlerts] [http-nio-8080-exec-1] c.s.controller.FirestationController     : Response => 6 persons, 5 adults, 1 children
2025-05-09T11:23:29.849+02:00  INFO 11656 --- [SafetyNetAlerts] [http-nio-8080-exec-3] c.s.controller.FirestationController     : POST /firestation => adding address=123 New St, station=5
2025-05-09T11:23:29.850+02:00  INFO 11656 --- [SafetyNetAlerts] [http-nio-8080-exec-3] c.s.service.FirestationService           : Added new firestation mapping: address=123 New St, station=5
2025-05-09T11:23:29.946+02:00  INFO 11656 --- [SafetyNetAlerts] [http-nio-8080-exec-4] c.s.controller.FirestationController     : PUT /firestation => address=1509 Culver St, new station=1
2025-05-09T11:23:29.946+02:00  INFO 11656 --- [SafetyNetAlerts] [http-nio-8080-exec-4] c.s.service.FirestationService           : Updating firestation for address=1509 Culver St from station=3 to station=1
2025-05-09T11:23:30.022+02:00  INFO 11656 --- [SafetyNetAlerts] [http-nio-8080-exec-5] c.s.controller.FirestationController     : DELETE /firestation?address=123 New St
2025-05-09T11:23:30.023+02:00  INFO 11656 --- [SafetyNetAlerts] [http-nio-8080-exec-5] c.s.service.FirestationService           : Deleted firestation mapping for address=123 New St
2025-05-09T11:23:30.101+02:00  INFO 11656 --- [SafetyNetAlerts] [http-nio-8080-exec-7] c.s.controller.PersonController          : GET /person called => fetching all persons
2025-05-09T11:23:30.101+02:00  INFO 11656 --- [SafetyNetAlerts] [http-nio-8080-exec-7] c.s.controller.PersonController          : Found 23 persons.
2025-05-09T11:23:30.165+02:00  INFO 11656 --- [SafetyNetAlerts] [http-nio-8080-exec-6] c.s.controller.PersonController          : POST /person => creating person: Bob Marley
2025-05-09T11:23:30.166+02:00  INFO 11656 --- [SafetyNetAlerts] [http-nio-8080-exec-6] c.safetynetalerts.service.PersonService  : Added person: firstName=Bob, lastName=Marley, address=12 Jamaican St, city=Kingston, zip=12345, phone=555-777-8888, email=bob@marley.com
2025-05-09T11:23:30.242+02:00  INFO 11656 --- [SafetyNetAlerts] [http-nio-8080-exec-8] c.s.controller.PersonController          : PUT /person => updating person: Bob Marley
2025-05-09T11:23:30.243+02:00  INFO 11656 --- [SafetyNetAlerts] [http-nio-8080-exec-8] c.safetynetalerts.service.PersonService  : Updating person: Bob Marley
2025-05-09T11:23:30.310+02:00  INFO 11656 --- [SafetyNetAlerts] [http-nio-8080-exec-9] c.s.controller.PersonController          : DELETE /person?firstName=Bob&lastName=Marley called
2025-05-09T11:23:30.312+02:00  INFO 11656 --- [SafetyNetAlerts] [http-nio-8080-exec-9] c.safetynetalerts.service.PersonService  : Deleted person: firstName=Bob, lastName=Marley
2025-05-09T11:23:30.368+02:00  INFO 11656 --- [SafetyNetAlerts] [http-nio-8080-exec-10] c.s.controller.MedicalRecordController   : GET /medicalRecord => fetching all medical records
2025-05-09T11:23:30.370+02:00  INFO 11656 --- [SafetyNetAlerts] [http-nio-8080-exec-10] c.s.controller.MedicalRecordController   : Found 23 medical records.
2025-05-09T11:23:30.488+02:00  INFO 11656 --- [SafetyNetAlerts] [http-nio-8080-exec-2] c.s.controller.MedicalRecordController   : POST /medicalRecord => adding record for Bob Marley
2025-05-09T11:23:30.496+02:00  INFO 11656 --- [SafetyNetAlerts] [http-nio-8080-exec-2] c.s.service.MedicalRecordService         : Added new medical record for Bob Marley. Birthdate=02/05/1990, medications=[doli:1000mg], allergies=[cigaretteSmoke]
2025-05-09T11:23:30.530+02:00  INFO 11656 --- [SafetyNetAlerts] [http-nio-8080-exec-1] c.s.controller.MedicalRecordController   : PUT /medicalRecord => updating record for Bob Marley
2025-05-09T11:23:30.532+02:00  INFO 11656 --- [SafetyNetAlerts] [http-nio-8080-exec-1] c.s.service.MedicalRecordService         : Updating medical record for Bob Marley
2025-05-09T11:23:30.618+02:00  INFO 11656 --- [SafetyNetAlerts] [http-nio-8080-exec-3] c.s.controller.MedicalRecordController   : DELETE /medicalRecord?firstName=Bob&lastName=Marley
2025-05-09T11:23:30.622+02:00  INFO 11656 --- [SafetyNetAlerts] [http-nio-8080-exec-3] c.s.service.MedicalRecordService         : Deleted medical record for Bob Marley
2025-05-09T11:23:30.691+02:00  INFO 11656 --- [SafetyNetAlerts] [http-nio-8080-exec-4] c.s.controller.AlertController           : GET /childAlert?address=1509 Culver St
2025-05-09T11:23:30.700+02:00  INFO 11656 --- [SafetyNetAlerts] [http-nio-8080-exec-4] c.s.controller.AlertController           : Response => 2 child(ren) found
2025-05-09T11:23:30.754+02:00  INFO 11656 --- [SafetyNetAlerts] [http-nio-8080-exec-5] c.s.controller.AlertController           : GET /phoneAlert?firestation=3
2025-05-09T11:23:30.763+02:00  INFO 11656 --- [SafetyNetAlerts] [http-nio-8080-exec-5] c.s.controller.AlertController           : Response => 6 phone number(s) found
2025-05-09T11:23:30.819+02:00  INFO 11656 --- [SafetyNetAlerts] [http-nio-8080-exec-7] c.s.controller.AlertController           : GET /fire?address=834 Binoc Ave
2025-05-09T11:23:30.829+02:00  INFO 11656 --- [SafetyNetAlerts] [http-nio-8080-exec-7] c.s.controller.AlertController           : Response => stationNumber=3, 1 occupant(s)
2025-05-09T11:23:30.934+02:00  INFO 11656 --- [SafetyNetAlerts] [http-nio-8080-exec-6] c.s.controller.AlertController           : GET /flood/stations?stations=[1, 2, 3]
2025-05-09T11:23:30.958+02:00  INFO 11656 --- [SafetyNetAlerts] [http-nio-8080-exec-6] c.s.controller.AlertController           : Response => 10 household(s)
2025-05-09T11:23:31.036+02:00  INFO 11656 --- [SafetyNetAlerts] [http-nio-8080-exec-8] c.s.controller.AlertController           : GET /personInfo?lastName=Boyd
2025-05-09T11:23:31.049+02:00  INFO 11656 --- [SafetyNetAlerts] [http-nio-8080-exec-8] c.s.controller.AlertController           : Response => 6 person(s) found
2025-05-09T11:23:31.153+02:00  INFO 11656 --- [SafetyNetAlerts] [http-nio-8080-exec-9] c.s.controller.AlertController           : GET /communityEmail?city=Culver
2025-05-09T11:23:31.156+02:00  INFO 11656 --- [SafetyNetAlerts] [http-nio-8080-exec-9] c.s.controller.AlertController           : Response => 15 email(s) found
2025-05-09T11:23:39.418+02:00  INFO 11656 --- [SafetyNetAlerts] [SpringApplicationShutdownHook] o.s.b.w.e.tomcat.GracefulShutdown        : Commencing graceful shutdown. Waiting for active requests to complete
2025-05-09T11:23:39.430+02:00  INFO 11656 --- [SafetyNetAlerts] [tomcat-shutdown] o.s.b.w.e.tomcat.GracefulShutdown        : Graceful shutdown complete
2025-05-09T11:34:27.068+02:00  INFO 5864 --- [SafetyNetAlerts] [restartedMain] c.s.SafetyNetAlertsApplication           : Starting SafetyNetAlertsApplication using Java 21.0.3 with PID 5864 (C:\Users\Dev\Documents\OpenClassRooms\Formation_DevJava\P5\SafetyNetAlerts\target\classes started by Dev in C:\Users\Dev\Documents\OpenClassRooms\Formation_DevJava\P5\SafetyNetAlerts)
2025-05-09T11:34:27.072+02:00  INFO 5864 --- [SafetyNetAlerts] [restartedMain] c.s.SafetyNetAlertsApplication           : No active profile set, falling back to 1 default profile: "default"
2025-05-09T11:34:27.137+02:00  INFO 5864 --- [SafetyNetAlerts] [restartedMain] .e.DevToolsPropertyDefaultsPostProcessor : Devtools property defaults active! Set 'spring.devtools.add-properties' to 'false' to disable
2025-05-09T11:34:27.138+02:00  INFO 5864 --- [SafetyNetAlerts] [restartedMain] .e.DevToolsPropertyDefaultsPostProcessor : For additional web related logging consider setting the 'logging.level.web' property to 'DEBUG'
2025-05-09T11:34:28.165+02:00  INFO 5864 --- [SafetyNetAlerts] [restartedMain] o.s.b.w.embedded.tomcat.TomcatWebServer  : Tomcat initialized with port 8080 (http)
2025-05-09T11:34:28.186+02:00  INFO 5864 --- [SafetyNetAlerts] [restartedMain] o.apache.catalina.core.StandardService   : Starting service [Tomcat]
2025-05-09T11:34:28.187+02:00  INFO 5864 --- [SafetyNetAlerts] [restartedMain] o.apache.catalina.core.StandardEngine    : Starting Servlet engine: [Apache Tomcat/10.1.39]
2025-05-09T11:34:28.226+02:00  INFO 5864 --- [SafetyNetAlerts] [restartedMain] o.a.c.c.C.[Tomcat].[localhost].[/]       : Initializing Spring embedded WebApplicationContext
2025-05-09T11:34:28.226+02:00  INFO 5864 --- [SafetyNetAlerts] [restartedMain] w.s.c.ServletWebServerApplicationContext : Root WebApplicationContext: initialization completed in 1087 ms
2025-05-09T11:34:28.766+02:00  INFO 5864 --- [SafetyNetAlerts] [restartedMain] o.s.b.d.a.OptionalLiveReloadServer       : LiveReload server is running on port 35729
2025-05-09T11:34:28.817+02:00  INFO 5864 --- [SafetyNetAlerts] [restartedMain] o.s.b.w.embedded.tomcat.TomcatWebServer  : Tomcat started on port 8080 (http) with context path '/'
2025-05-09T11:34:28.826+02:00  INFO 5864 --- [SafetyNetAlerts] [restartedMain] c.s.SafetyNetAlertsApplication           : Started SafetyNetAlertsApplication in 2.261 seconds (process running for 2.908)
2025-05-09T11:34:32.055+02:00  INFO 5864 --- [SafetyNetAlerts] [http-nio-8080-exec-2] o.a.c.c.C.[Tomcat].[localhost].[/]       : Initializing Spring DispatcherServlet 'dispatcherServlet'
2025-05-09T11:34:32.056+02:00  INFO 5864 --- [SafetyNetAlerts] [http-nio-8080-exec-2] o.s.web.servlet.DispatcherServlet        : Initializing Servlet 'dispatcherServlet'
2025-05-09T11:34:32.057+02:00  INFO 5864 --- [SafetyNetAlerts] [http-nio-8080-exec-2] o.s.web.servlet.DispatcherServlet        : Completed initialization in 1 ms
2025-05-09T11:34:32.154+02:00  INFO 5864 --- [SafetyNetAlerts] [http-nio-8080-exec-2] c.s.controller.FirestationController     : GET /firestation?stationNumber=1
2025-05-09T11:34:32.164+02:00  INFO 5864 --- [SafetyNetAlerts] [http-nio-8080-exec-2] c.s.controller.FirestationController     : Response => 6 persons, 5 adults, 1 children
2025-05-09T11:34:32.306+02:00  INFO 5864 --- [SafetyNetAlerts] [http-nio-8080-exec-3] c.s.controller.FirestationController     : POST /firestation => adding address=123 New St, station=5
2025-05-09T11:34:32.307+02:00  INFO 5864 --- [SafetyNetAlerts] [http-nio-8080-exec-3] c.s.service.FirestationService           : Added new firestation mapping: address=123 New St, station=5
2025-05-09T11:34:32.375+02:00  INFO 5864 --- [SafetyNetAlerts] [http-nio-8080-exec-6] c.s.controller.FirestationController     : PUT /firestation => address=1509 Culver St, new station=1
2025-05-09T11:34:32.376+02:00  INFO 5864 --- [SafetyNetAlerts] [http-nio-8080-exec-6] c.s.service.FirestationService           : Updating firestation for address=1509 Culver St from station=3 to station=1
2025-05-09T11:34:32.439+02:00  INFO 5864 --- [SafetyNetAlerts] [http-nio-8080-exec-5] c.s.controller.FirestationController     : DELETE /firestation?address=123 New St
2025-05-09T11:34:32.440+02:00  INFO 5864 --- [SafetyNetAlerts] [http-nio-8080-exec-5] c.s.service.FirestationService           : Deleted firestation mapping for address=123 New St
2025-05-09T11:34:32.498+02:00  INFO 5864 --- [SafetyNetAlerts] [http-nio-8080-exec-4] c.s.controller.PersonController          : GET /person called => fetching all persons
2025-05-09T11:34:32.499+02:00  INFO 5864 --- [SafetyNetAlerts] [http-nio-8080-exec-4] c.s.controller.PersonController          : Found 23 persons.
2025-05-09T11:34:32.564+02:00  INFO 5864 --- [SafetyNetAlerts] [http-nio-8080-exec-7] c.s.controller.PersonController          : POST /person => creating person: Bob Marley
2025-05-09T11:34:32.565+02:00  INFO 5864 --- [SafetyNetAlerts] [http-nio-8080-exec-7] c.safetynetalerts.service.PersonService  : Added person: firstName=Bob, lastName=Marley, address=12 Jamaican St, city=Kingston, zip=12345, phone=555-777-8888, email=bob@marley.com
2025-05-09T11:34:32.672+02:00  INFO 5864 --- [SafetyNetAlerts] [http-nio-8080-exec-8] c.s.controller.PersonController          : PUT /person => updating person: Bob Marley
2025-05-09T11:34:32.673+02:00  INFO 5864 --- [SafetyNetAlerts] [http-nio-8080-exec-8] c.safetynetalerts.service.PersonService  : Updating person: Bob Marley
2025-05-09T11:34:32.749+02:00  INFO 5864 --- [SafetyNetAlerts] [http-nio-8080-exec-9] c.s.controller.PersonController          : DELETE /person?firstName=Bob&lastName=Marley called
2025-05-09T11:34:32.750+02:00  INFO 5864 --- [SafetyNetAlerts] [http-nio-8080-exec-9] c.safetynetalerts.service.PersonService  : Deleted person: firstName=Bob, lastName=Marley
2025-05-09T11:34:32.781+02:00  INFO 5864 --- [SafetyNetAlerts] [http-nio-8080-exec-10] c.s.controller.MedicalRecordController   : GET /medicalRecord => fetching all medical records
2025-05-09T11:34:32.781+02:00  INFO 5864 --- [SafetyNetAlerts] [http-nio-8080-exec-10] c.s.controller.MedicalRecordController   : Found 23 medical records.
2025-05-09T11:34:32.819+02:00  INFO 5864 --- [SafetyNetAlerts] [http-nio-8080-exec-1] c.s.controller.MedicalRecordController   : POST /medicalRecord => adding record for Bob Marley
2025-05-09T11:34:32.820+02:00  INFO 5864 --- [SafetyNetAlerts] [http-nio-8080-exec-1] c.s.service.MedicalRecordService         : Added new medical record for Bob Marley. Birthdate=02/05/1990, medications=[doli:1000mg], allergies=[cigaretteSmoke]
2025-05-09T11:34:32.889+02:00  INFO 5864 --- [SafetyNetAlerts] [http-nio-8080-exec-2] c.s.controller.MedicalRecordController   : PUT /medicalRecord => updating record for Bob Marley
2025-05-09T11:34:32.889+02:00  INFO 5864 --- [SafetyNetAlerts] [http-nio-8080-exec-2] c.s.service.MedicalRecordService         : Updating medical record for Bob Marley
2025-05-09T11:34:32.966+02:00  INFO 5864 --- [SafetyNetAlerts] [http-nio-8080-exec-3] c.s.controller.MedicalRecordController   : DELETE /medicalRecord?firstName=Bob&lastName=Marley
2025-05-09T11:34:32.967+02:00  INFO 5864 --- [SafetyNetAlerts] [http-nio-8080-exec-3] c.s.service.MedicalRecordService         : Deleted medical record for Bob Marley
2025-05-09T11:34:33.050+02:00  INFO 5864 --- [SafetyNetAlerts] [http-nio-8080-exec-6] c.s.controller.AlertController           : GET /childAlert?address=1509 Culver St
2025-05-09T11:34:33.057+02:00  INFO 5864 --- [SafetyNetAlerts] [http-nio-8080-exec-6] c.s.controller.AlertController           : Réponse : 2 enfant(s)
2025-05-09T11:34:33.138+02:00  INFO 5864 --- [SafetyNetAlerts] [http-nio-8080-exec-5] c.s.controller.AlertController           : GET /phoneAlert?firestation=3
2025-05-09T11:34:33.140+02:00  INFO 5864 --- [SafetyNetAlerts] [http-nio-8080-exec-5] c.s.controller.AlertController           : Réponse : 6 numéro(s)
2025-05-09T11:34:33.215+02:00  INFO 5864 --- [SafetyNetAlerts] [http-nio-8080-exec-4] c.s.controller.AlertController           : GET /fire?address=834 Binoc Ave
2025-05-09T11:34:33.217+02:00  INFO 5864 --- [SafetyNetAlerts] [http-nio-8080-exec-4] c.s.controller.AlertController           : Station 3 – 1 occupant(s)
2025-05-09T11:34:33.263+02:00  INFO 5864 --- [SafetyNetAlerts] [http-nio-8080-exec-7] c.s.controller.AlertController           : GET /flood/stations?stations=[1, 2, 3]
2025-05-09T11:34:33.268+02:00  INFO 5864 --- [SafetyNetAlerts] [http-nio-8080-exec-7] c.s.controller.AlertController           : Réponse : 10 foyer(s)
2025-05-09T11:34:33.340+02:00  INFO 5864 --- [SafetyNetAlerts] [http-nio-8080-exec-8] c.s.controller.AlertController           : GET /personInfo?lastName=Boyd
2025-05-09T11:34:33.343+02:00  INFO 5864 --- [SafetyNetAlerts] [http-nio-8080-exec-8] c.s.controller.AlertController           : Réponse : 6 personne(s)
2025-05-09T11:34:33.416+02:00  INFO 5864 --- [SafetyNetAlerts] [http-nio-8080-exec-9] c.s.controller.AlertController           : GET /communityEmail?city=Culver
2025-05-09T11:34:33.417+02:00  INFO 5864 --- [SafetyNetAlerts] [http-nio-8080-exec-9] c.s.controller.AlertController           : Réponse : 15 e‑mail(s)
2025-05-09T11:35:38.908+02:00  INFO 5864 --- [SafetyNetAlerts] [File Watcher] rtingClassPathChangeChangedEventListener : Restarting due to 1 class path change (0 additions, 0 deletions, 1 modification)
2025-05-09T11:35:38.918+02:00  INFO 5864 --- [SafetyNetAlerts] [Thread-5] o.s.b.w.e.tomcat.GracefulShutdown        : Commencing graceful shutdown. Waiting for active requests to complete
2025-05-09T11:35:38.963+02:00  INFO 5864 --- [SafetyNetAlerts] [tomcat-shutdown] o.s.b.w.e.tomcat.GracefulShutdown        : Graceful shutdown complete
2025-05-09T11:35:39.152+02:00  INFO 5864 --- [SafetyNetAlerts] [restartedMain] c.s.SafetyNetAlertsApplication           : Starting SafetyNetAlertsApplication using Java 21.0.3 with PID 5864 (C:\Users\Dev\Documents\OpenClassRooms\Formation_DevJava\P5\SafetyNetAlerts\target\classes started by Dev in C:\Users\Dev\Documents\OpenClassRooms\Formation_DevJava\P5\SafetyNetAlerts)
2025-05-09T11:35:39.152+02:00  INFO 5864 --- [SafetyNetAlerts] [restartedMain] c.s.SafetyNetAlertsApplication           : No active profile set, falling back to 1 default profile: "default"
2025-05-09T11:35:39.548+02:00  INFO 5864 --- [SafetyNetAlerts] [restartedMain] o.s.b.w.embedded.tomcat.TomcatWebServer  : Tomcat initialized with port 8080 (http)
2025-05-09T11:35:39.549+02:00  INFO 5864 --- [SafetyNetAlerts] [restartedMain] o.apache.catalina.core.StandardService   : Starting service [Tomcat]
2025-05-09T11:35:39.550+02:00  INFO 5864 --- [SafetyNetAlerts] [restartedMain] o.apache.catalina.core.StandardEngine    : Starting Servlet engine: [Apache Tomcat/10.1.39]
2025-05-09T11:35:39.570+02:00  INFO 5864 --- [SafetyNetAlerts] [restartedMain] o.a.c.c.C.[Tomcat].[localhost].[/]       : Initializing Spring embedded WebApplicationContext
2025-05-09T11:35:39.572+02:00  INFO 5864 --- [SafetyNetAlerts] [restartedMain] w.s.c.ServletWebServerApplicationContext : Root WebApplicationContext: initialization completed in 415 ms
2025-05-09T11:35:39.766+02:00  INFO 5864 --- [SafetyNetAlerts] [restartedMain] o.s.b.d.a.OptionalLiveReloadServer       : LiveReload server is running on port 35729
2025-05-09T11:35:39.795+02:00  INFO 5864 --- [SafetyNetAlerts] [restartedMain] o.s.b.w.embedded.tomcat.TomcatWebServer  : Tomcat started on port 8080 (http) with context path '/'
2025-05-09T11:35:39.800+02:00  INFO 5864 --- [SafetyNetAlerts] [restartedMain] c.s.SafetyNetAlertsApplication           : Started SafetyNetAlertsApplication in 0.717 seconds (process running for 73.882)
2025-05-09T11:35:39.806+02:00  INFO 5864 --- [SafetyNetAlerts] [restartedMain] .ConditionEvaluationDeltaLoggingListener : Condition evaluation unchanged
2025-05-09T11:35:42.236+02:00  INFO 5864 --- [SafetyNetAlerts] [File Watcher] rtingClassPathChangeChangedEventListener : Restarting due to 1 class path change (0 additions, 0 deletions, 1 modification)
2025-05-09T11:35:42.240+02:00  INFO 5864 --- [SafetyNetAlerts] [Thread-7] o.s.b.w.e.tomcat.GracefulShutdown        : Commencing graceful shutdown. Waiting for active requests to complete
2025-05-09T11:35:42.266+02:00  INFO 5864 --- [SafetyNetAlerts] [tomcat-shutdown] o.s.b.w.e.tomcat.GracefulShutdown        : Graceful shutdown complete
2025-05-09T11:35:42.383+02:00  INFO 5864 --- [SafetyNetAlerts] [restartedMain] c.s.SafetyNetAlertsApplication           : Starting SafetyNetAlertsApplication using Java 21.0.3 with PID 5864 (C:\Users\Dev\Documents\OpenClassRooms\Formation_DevJava\P5\SafetyNetAlerts\target\classes started by Dev in C:\Users\Dev\Documents\OpenClassRooms\Formation_DevJava\P5\SafetyNetAlerts)
2025-05-09T11:35:42.396+02:00  INFO 5864 --- [SafetyNetAlerts] [restartedMain] c.s.SafetyNetAlertsApplication           : No active profile set, falling back to 1 default profile: "default"
2025-05-09T11:35:43.016+02:00  INFO 5864 --- [SafetyNetAlerts] [restartedMain] o.s.b.w.embedded.tomcat.TomcatWebServer  : Tomcat initialized with port 8080 (http)
2025-05-09T11:35:43.019+02:00  INFO 5864 --- [SafetyNetAlerts] [restartedMain] o.apache.catalina.core.StandardService   : Starting service [Tomcat]
2025-05-09T11:35:43.019+02:00  INFO 5864 --- [SafetyNetAlerts] [restartedMain] o.apache.catalina.core.StandardEngine    : Starting Servlet engine: [Apache Tomcat/10.1.39]
2025-05-09T11:35:43.043+02:00  INFO 5864 --- [SafetyNetAlerts] [restartedMain] o.a.c.c.C.[Tomcat].[localhost].[/]       : Initializing Spring embedded WebApplicationContext
2025-05-09T11:35:43.048+02:00  INFO 5864 --- [SafetyNetAlerts] [restartedMain] w.s.c.ServletWebServerApplicationContext : Root WebApplicationContext: initialization completed in 644 ms
2025-05-09T11:35:43.340+02:00  INFO 5864 --- [SafetyNetAlerts] [restartedMain] o.s.b.d.a.OptionalLiveReloadServer       : LiveReload server is running on port 35729
2025-05-09T11:35:43.360+02:00  INFO 5864 --- [SafetyNetAlerts] [restartedMain] o.s.b.w.embedded.tomcat.TomcatWebServer  : Tomcat started on port 8080 (http) with context path '/'
2025-05-09T11:35:43.368+02:00  INFO 5864 --- [SafetyNetAlerts] [restartedMain] c.s.SafetyNetAlertsApplication           : Started SafetyNetAlertsApplication in 1.036 seconds (process running for 77.45)
2025-05-09T11:35:43.370+02:00  INFO 5864 --- [SafetyNetAlerts] [restartedMain] .ConditionEvaluationDeltaLoggingListener : Condition evaluation unchanged
2025-05-09T11:35:45.820+02:00  INFO 5864 --- [SafetyNetAlerts] [File Watcher] rtingClassPathChangeChangedEventListener : Restarting due to 1 class path change (0 additions, 0 deletions, 1 modification)
2025-05-09T11:35:45.821+02:00  INFO 5864 --- [SafetyNetAlerts] [Thread-11] o.s.b.w.e.tomcat.GracefulShutdown        : Commencing graceful shutdown. Waiting for active requests to complete
2025-05-09T11:35:45.830+02:00  INFO 5864 --- [SafetyNetAlerts] [tomcat-shutdown] o.s.b.w.e.tomcat.GracefulShutdown        : Graceful shutdown complete
2025-05-09T11:35:45.993+02:00  INFO 5864 --- [SafetyNetAlerts] [restartedMain] c.s.SafetyNetAlertsApplication           : Starting SafetyNetAlertsApplication using Java 21.0.3 with PID 5864 (C:\Users\Dev\Documents\OpenClassRooms\Formation_DevJava\P5\SafetyNetAlerts\target\classes started by Dev in C:\Users\Dev\Documents\OpenClassRooms\Formation_DevJava\P5\SafetyNetAlerts)
2025-05-09T11:35:45.996+02:00  INFO 5864 --- [SafetyNetAlerts] [restartedMain] c.s.SafetyNetAlertsApplication           : No active profile set, falling back to 1 default profile: "default"
2025-05-09T11:35:46.320+02:00  INFO 5864 --- [SafetyNetAlerts] [restartedMain] o.s.b.w.embedded.tomcat.TomcatWebServer  : Tomcat initialized with port 8080 (http)
2025-05-09T11:35:46.322+02:00  INFO 5864 --- [SafetyNetAlerts] [restartedMain] o.apache.catalina.core.StandardService   : Starting service [Tomcat]
2025-05-09T11:35:46.324+02:00  INFO 5864 --- [SafetyNetAlerts] [restartedMain] o.apache.catalina.core.StandardEngine    : Starting Servlet engine: [Apache Tomcat/10.1.39]
2025-05-09T11:35:46.354+02:00  INFO 5864 --- [SafetyNetAlerts] [restartedMain] o.a.c.c.C.[Tomcat].[localhost].[/]       : Initializing Spring embedded WebApplicationContext
2025-05-09T11:35:46.355+02:00  INFO 5864 --- [SafetyNetAlerts] [restartedMain] w.s.c.ServletWebServerApplicationContext : Root WebApplicationContext: initialization completed in 351 ms
2025-05-09T11:35:46.490+02:00  INFO 5864 --- [SafetyNetAlerts] [restartedMain] o.s.b.d.a.OptionalLiveReloadServer       : LiveReload server is running on port 35729
2025-05-09T11:35:46.509+02:00  INFO 5864 --- [SafetyNetAlerts] [restartedMain] o.s.b.w.embedded.tomcat.TomcatWebServer  : Tomcat started on port 8080 (http) with context path '/'
2025-05-09T11:35:46.514+02:00  INFO 5864 --- [SafetyNetAlerts] [restartedMain] c.s.SafetyNetAlertsApplication           : Started SafetyNetAlertsApplication in 0.617 seconds (process running for 80.597)
2025-05-09T11:35:46.517+02:00  INFO 5864 --- [SafetyNetAlerts] [restartedMain] .ConditionEvaluationDeltaLoggingListener : Condition evaluation unchanged
2025-05-09T11:36:50.501+02:00  INFO 5864 --- [SafetyNetAlerts] [File Watcher] rtingClassPathChangeChangedEventListener : Restarting due to 1 class path change (0 additions, 0 deletions, 1 modification)
2025-05-09T11:36:50.502+02:00  INFO 5864 --- [SafetyNetAlerts] [Thread-15] o.s.b.w.e.tomcat.GracefulShutdown        : Commencing graceful shutdown. Waiting for active requests to complete
2025-05-09T11:36:50.511+02:00  INFO 5864 --- [SafetyNetAlerts] [tomcat-shutdown] o.s.b.w.e.tomcat.GracefulShutdown        : Graceful shutdown complete
2025-05-09T11:36:50.589+02:00  INFO 5864 --- [SafetyNetAlerts] [restartedMain] c.s.SafetyNetAlertsApplication           : Starting SafetyNetAlertsApplication using Java 21.0.3 with PID 5864 (C:\Users\Dev\Documents\OpenClassRooms\Formation_DevJava\P5\SafetyNetAlerts\target\classes started by Dev in C:\Users\Dev\Documents\OpenClassRooms\Formation_DevJava\P5\SafetyNetAlerts)
2025-05-09T11:36:50.590+02:00  INFO 5864 --- [SafetyNetAlerts] [restartedMain] c.s.SafetyNetAlertsApplication           : No active profile set, falling back to 1 default profile: "default"
2025-05-09T11:36:50.750+02:00  INFO 5864 --- [SafetyNetAlerts] [restartedMain] o.s.b.w.embedded.tomcat.TomcatWebServer  : Tomcat initialized with port 8080 (http)
2025-05-09T11:36:50.751+02:00  INFO 5864 --- [SafetyNetAlerts] [restartedMain] o.apache.catalina.core.StandardService   : Starting service [Tomcat]
2025-05-09T11:36:50.752+02:00  INFO 5864 --- [SafetyNetAlerts] [restartedMain] o.apache.catalina.core.StandardEngine    : Starting Servlet engine: [Apache Tomcat/10.1.39]
2025-05-09T11:36:50.765+02:00  INFO 5864 --- [SafetyNetAlerts] [restartedMain] o.a.c.c.C.[Tomcat].[localhost].[/]       : Initializing Spring embedded WebApplicationContext
2025-05-09T11:36:50.766+02:00  INFO 5864 --- [SafetyNetAlerts] [restartedMain] w.s.c.ServletWebServerApplicationContext : Root WebApplicationContext: initialization completed in 173 ms
2025-05-09T11:36:50.864+02:00  INFO 5864 --- [SafetyNetAlerts] [restartedMain] o.s.b.d.a.OptionalLiveReloadServer       : LiveReload server is running on port 35729
2025-05-09T11:36:50.872+02:00  INFO 5864 --- [SafetyNetAlerts] [restartedMain] o.s.b.w.embedded.tomcat.TomcatWebServer  : Tomcat started on port 8080 (http) with context path '/'
2025-05-09T11:36:50.876+02:00  INFO 5864 --- [SafetyNetAlerts] [restartedMain] c.s.SafetyNetAlertsApplication           : Started SafetyNetAlertsApplication in 0.313 seconds (process running for 144.958)
2025-05-09T11:36:50.877+02:00  INFO 5864 --- [SafetyNetAlerts] [restartedMain] .ConditionEvaluationDeltaLoggingListener : Condition evaluation unchanged
2025-05-09T11:36:57.166+02:00  INFO 5864 --- [SafetyNetAlerts] [http-nio-8080-exec-2] o.a.c.c.C.[Tomcat].[localhost].[/]       : Initializing Spring DispatcherServlet 'dispatcherServlet'
2025-05-09T11:36:57.168+02:00  INFO 5864 --- [SafetyNetAlerts] [http-nio-8080-exec-2] o.s.web.servlet.DispatcherServlet        : Initializing Servlet 'dispatcherServlet'
2025-05-09T11:36:57.169+02:00  INFO 5864 --- [SafetyNetAlerts] [http-nio-8080-exec-2] o.s.web.servlet.DispatcherServlet        : Completed initialization in 0 ms
2025-05-09T11:36:57.176+02:00  INFO 5864 --- [SafetyNetAlerts] [http-nio-8080-exec-2] c.s.controller.FirestationController     : GET /firestation?stationNumber=1
2025-05-09T11:36:57.183+02:00  INFO 5864 --- [SafetyNetAlerts] [http-nio-8080-exec-2] c.s.controller.FirestationController     : Réponse : 6 pers. (5 adultes / 1 enfants)
2025-05-09T11:36:57.244+02:00  INFO 5864 --- [SafetyNetAlerts] [http-nio-8080-exec-3] c.s.controller.FirestationController     : POST /firestation – address=123 New St, station=5
2025-05-09T11:36:57.246+02:00  INFO 5864 --- [SafetyNetAlerts] [http-nio-8080-exec-3] c.s.service.FirestationService           : Added new firestation mapping: address=123 New St, station=5
2025-05-09T11:36:57.316+02:00  INFO 5864 --- [SafetyNetAlerts] [http-nio-8080-exec-4] c.s.controller.FirestationController     : PUT /firestation – address=1509 Culver St, newStation=1
2025-05-09T11:36:57.316+02:00  INFO 5864 --- [SafetyNetAlerts] [http-nio-8080-exec-4] c.s.service.FirestationService           : Updating firestation for address=1509 Culver St from station=3 to station=1
2025-05-09T11:36:57.397+02:00  INFO 5864 --- [SafetyNetAlerts] [http-nio-8080-exec-5] c.s.controller.FirestationController     : DELETE /firestation?address=123 New St
2025-05-09T11:36:57.398+02:00  INFO 5864 --- [SafetyNetAlerts] [http-nio-8080-exec-5] c.s.service.FirestationService           : Deleted firestation mapping for address=123 New St
2025-05-09T11:36:57.429+02:00  INFO 5864 --- [SafetyNetAlerts] [http-nio-8080-exec-6] c.s.controller.PersonController          : GET /person called => fetching all persons
2025-05-09T11:36:57.430+02:00  INFO 5864 --- [SafetyNetAlerts] [http-nio-8080-exec-6] c.s.controller.PersonController          : Found 23 persons.
2025-05-09T11:36:57.506+02:00  INFO 5864 --- [SafetyNetAlerts] [http-nio-8080-exec-7] c.s.controller.PersonController          : POST /person => creating person: Bob Marley
2025-05-09T11:36:57.507+02:00  INFO 5864 --- [SafetyNetAlerts] [http-nio-8080-exec-7] c.safetynetalerts.service.PersonService  : Added person: firstName=Bob, lastName=Marley, address=12 Jamaican St, city=Kingston, zip=12345, phone=555-777-8888, email=bob@marley.com
2025-05-09T11:36:57.584+02:00  INFO 5864 --- [SafetyNetAlerts] [http-nio-8080-exec-8] c.s.controller.PersonController          : PUT /person => updating person: Bob Marley
2025-05-09T11:36:57.586+02:00  INFO 5864 --- [SafetyNetAlerts] [http-nio-8080-exec-8] c.safetynetalerts.service.PersonService  : Updating person: Bob Marley
2025-05-09T11:36:57.647+02:00  INFO 5864 --- [SafetyNetAlerts] [http-nio-8080-exec-9] c.s.controller.PersonController          : DELETE /person?firstName=Bob&lastName=Marley called
2025-05-09T11:36:57.648+02:00  INFO 5864 --- [SafetyNetAlerts] [http-nio-8080-exec-9] c.safetynetalerts.service.PersonService  : Deleted person: firstName=Bob, lastName=Marley
2025-05-09T11:36:57.704+02:00  INFO 5864 --- [SafetyNetAlerts] [http-nio-8080-exec-10] c.s.controller.MedicalRecordController   : GET /medicalRecord => fetching all medical records
2025-05-09T11:36:57.706+02:00  INFO 5864 --- [SafetyNetAlerts] [http-nio-8080-exec-10] c.s.controller.MedicalRecordController   : Found 23 medical records.
2025-05-09T11:36:57.775+02:00  INFO 5864 --- [SafetyNetAlerts] [http-nio-8080-exec-1] c.s.controller.MedicalRecordController   : POST /medicalRecord => adding record for Bob Marley
2025-05-09T11:36:57.776+02:00  INFO 5864 --- [SafetyNetAlerts] [http-nio-8080-exec-1] c.s.service.MedicalRecordService         : Added new medical record for Bob Marley. Birthdate=02/05/1990, medications=[doli:1000mg], allergies=[cigaretteSmoke]
2025-05-09T11:36:57.817+02:00  INFO 5864 --- [SafetyNetAlerts] [http-nio-8080-exec-2] c.s.controller.MedicalRecordController   : PUT /medicalRecord => updating record for Bob Marley
2025-05-09T11:36:57.818+02:00  INFO 5864 --- [SafetyNetAlerts] [http-nio-8080-exec-2] c.s.service.MedicalRecordService         : Updating medical record for Bob Marley
2025-05-09T11:36:57.909+02:00  INFO 5864 --- [SafetyNetAlerts] [http-nio-8080-exec-3] c.s.controller.MedicalRecordController   : DELETE /medicalRecord?firstName=Bob&lastName=Marley
2025-05-09T11:36:57.910+02:00  INFO 5864 --- [SafetyNetAlerts] [http-nio-8080-exec-3] c.s.service.MedicalRecordService         : Deleted medical record for Bob Marley
2025-05-09T11:36:57.974+02:00  INFO 5864 --- [SafetyNetAlerts] [http-nio-8080-exec-4] c.s.controller.AlertController           : GET /childAlert?address=1509 Culver St
2025-05-09T11:36:57.979+02:00  INFO 5864 --- [SafetyNetAlerts] [http-nio-8080-exec-4] c.s.controller.AlertController           : Réponse : 2 enfant(s)
2025-05-09T11:36:58.036+02:00  INFO 5864 --- [SafetyNetAlerts] [http-nio-8080-exec-5] c.s.controller.AlertController           : GET /phoneAlert?firestation=3
2025-05-09T11:36:58.039+02:00  INFO 5864 --- [SafetyNetAlerts] [http-nio-8080-exec-5] c.s.controller.AlertController           : Réponse : 6 numéro(s)
2025-05-09T11:36:58.098+02:00  INFO 5864 --- [SafetyNetAlerts] [http-nio-8080-exec-6] c.s.controller.AlertController           : GET /fire?address=834 Binoc Ave
2025-05-09T11:36:58.102+02:00  INFO 5864 --- [SafetyNetAlerts] [http-nio-8080-exec-6] c.s.controller.AlertController           : Station 3 – 1 occupant(s)
2025-05-09T11:36:58.179+02:00  INFO 5864 --- [SafetyNetAlerts] [http-nio-8080-exec-7] c.s.controller.AlertController           : GET /flood/stations?stations=[1, 2, 3]
2025-05-09T11:36:58.187+02:00  INFO 5864 --- [SafetyNetAlerts] [http-nio-8080-exec-7] c.s.controller.AlertController           : Réponse : 10 foyer(s)
2025-05-09T11:36:58.240+02:00  INFO 5864 --- [SafetyNetAlerts] [http-nio-8080-exec-8] c.s.controller.AlertController           : GET /personInfo?lastName=Boyd
2025-05-09T11:36:58.242+02:00  INFO 5864 --- [SafetyNetAlerts] [http-nio-8080-exec-8] c.s.controller.AlertController           : Réponse : 6 personne(s)
2025-05-09T11:36:58.318+02:00  INFO 5864 --- [SafetyNetAlerts] [http-nio-8080-exec-9] c.s.controller.AlertController           : GET /communityEmail?city=Culver
2025-05-09T11:36:58.320+02:00  INFO 5864 --- [SafetyNetAlerts] [http-nio-8080-exec-9] c.s.controller.AlertController           : Réponse : 15 e‑mail(s)
2025-05-09T11:42:18.578+02:00  INFO 5864 --- [SafetyNetAlerts] [File Watcher] rtingClassPathChangeChangedEventListener : Restarting due to 1 class path change (0 additions, 0 deletions, 1 modification)
2025-05-09T11:42:18.581+02:00  INFO 5864 --- [SafetyNetAlerts] [Thread-19] o.s.b.w.e.tomcat.GracefulShutdown        : Commencing graceful shutdown. Waiting for active requests to complete
2025-05-09T11:42:18.614+02:00  INFO 5864 --- [SafetyNetAlerts] [tomcat-shutdown] o.s.b.w.e.tomcat.GracefulShutdown        : Graceful shutdown complete
2025-05-09T11:42:18.746+02:00  INFO 5864 --- [SafetyNetAlerts] [restartedMain] c.s.SafetyNetAlertsApplication           : Starting SafetyNetAlertsApplication using Java 21.0.3 with PID 5864 (C:\Users\Dev\Documents\OpenClassRooms\Formation_DevJava\P5\SafetyNetAlerts\target\classes started by Dev in C:\Users\Dev\Documents\OpenClassRooms\Formation_DevJava\P5\SafetyNetAlerts)
2025-05-09T11:42:18.747+02:00  INFO 5864 --- [SafetyNetAlerts] [restartedMain] c.s.SafetyNetAlertsApplication           : No active profile set, falling back to 1 default profile: "default"
2025-05-09T11:42:18.943+02:00  INFO 5864 --- [SafetyNetAlerts] [restartedMain] o.s.b.w.embedded.tomcat.TomcatWebServer  : Tomcat initialized with port 8080 (http)
2025-05-09T11:42:18.944+02:00  INFO 5864 --- [SafetyNetAlerts] [restartedMain] o.apache.catalina.core.StandardService   : Starting service [Tomcat]
2025-05-09T11:42:18.945+02:00  INFO 5864 --- [SafetyNetAlerts] [restartedMain] o.apache.catalina.core.StandardEngine    : Starting Servlet engine: [Apache Tomcat/10.1.39]
2025-05-09T11:42:18.964+02:00  INFO 5864 --- [SafetyNetAlerts] [restartedMain] o.a.c.c.C.[Tomcat].[localhost].[/]       : Initializing Spring embedded WebApplicationContext
2025-05-09T11:42:18.964+02:00  INFO 5864 --- [SafetyNetAlerts] [restartedMain] w.s.c.ServletWebServerApplicationContext : Root WebApplicationContext: initialization completed in 215 ms
2025-05-09T11:42:19.069+02:00  INFO 5864 --- [SafetyNetAlerts] [restartedMain] o.s.b.d.a.OptionalLiveReloadServer       : LiveReload server is running on port 35729
2025-05-09T11:42:19.079+02:00  INFO 5864 --- [SafetyNetAlerts] [restartedMain] o.s.b.w.embedded.tomcat.TomcatWebServer  : Tomcat started on port 8080 (http) with context path '/'
2025-05-09T11:42:19.081+02:00  INFO 5864 --- [SafetyNetAlerts] [restartedMain] c.s.SafetyNetAlertsApplication           : Started SafetyNetAlertsApplication in 0.371 seconds (process running for 473.163)
2025-05-09T11:42:19.082+02:00  INFO 5864 --- [SafetyNetAlerts] [restartedMain] .ConditionEvaluationDeltaLoggingListener : Condition evaluation unchanged
2025-05-09T11:43:48.797+02:00  INFO 5864 --- [SafetyNetAlerts] [File Watcher] rtingClassPathChangeChangedEventListener : Restarting due to 1 class path change (0 additions, 0 deletions, 1 modification)
2025-05-09T11:43:48.798+02:00  INFO 5864 --- [SafetyNetAlerts] [Thread-23] o.s.b.w.e.tomcat.GracefulShutdown        : Commencing graceful shutdown. Waiting for active requests to complete
2025-05-09T11:43:48.808+02:00  INFO 5864 --- [SafetyNetAlerts] [tomcat-shutdown] o.s.b.w.e.tomcat.GracefulShutdown        : Graceful shutdown complete
2025-05-09T11:43:48.956+02:00  INFO 5864 --- [SafetyNetAlerts] [restartedMain] c.s.SafetyNetAlertsApplication           : Starting SafetyNetAlertsApplication using Java 21.0.3 with PID 5864 (C:\Users\Dev\Documents\OpenClassRooms\Formation_DevJava\P5\SafetyNetAlerts\target\classes started by Dev in C:\Users\Dev\Documents\OpenClassRooms\Formation_DevJava\P5\SafetyNetAlerts)
2025-05-09T11:43:48.956+02:00  INFO 5864 --- [SafetyNetAlerts] [restartedMain] c.s.SafetyNetAlertsApplication           : No active profile set, falling back to 1 default profile: "default"
2025-05-09T11:43:49.163+02:00  INFO 5864 --- [SafetyNetAlerts] [restartedMain] o.s.b.w.embedded.tomcat.TomcatWebServer  : Tomcat initialized with port 8080 (http)
2025-05-09T11:43:49.165+02:00  INFO 5864 --- [SafetyNetAlerts] [restartedMain] o.apache.catalina.core.StandardService   : Starting service [Tomcat]
2025-05-09T11:43:49.165+02:00  INFO 5864 --- [SafetyNetAlerts] [restartedMain] o.apache.catalina.core.StandardEngine    : Starting Servlet engine: [Apache Tomcat/10.1.39]
2025-05-09T11:43:49.180+02:00  INFO 5864 --- [SafetyNetAlerts] [restartedMain] o.a.c.c.C.[Tomcat].[localhost].[/]       : Initializing Spring embedded WebApplicationContext
2025-05-09T11:43:49.181+02:00  INFO 5864 --- [SafetyNetAlerts] [restartedMain] w.s.c.ServletWebServerApplicationContext : Root WebApplicationContext: initialization completed in 220 ms
2025-05-09T11:43:49.272+02:00  INFO 5864 --- [SafetyNetAlerts] [restartedMain] o.s.b.d.a.OptionalLiveReloadServer       : LiveReload server is running on port 35729
2025-05-09T11:43:49.280+02:00  INFO 5864 --- [SafetyNetAlerts] [restartedMain] o.s.b.w.embedded.tomcat.TomcatWebServer  : Tomcat started on port 8080 (http) with context path '/'
2025-05-09T11:43:49.282+02:00  INFO 5864 --- [SafetyNetAlerts] [restartedMain] c.s.SafetyNetAlertsApplication           : Started SafetyNetAlertsApplication in 0.359 seconds (process running for 563.364)
2025-05-09T11:43:49.284+02:00  INFO 5864 --- [SafetyNetAlerts] [restartedMain] .ConditionEvaluationDeltaLoggingListener : Condition evaluation unchanged
2025-05-09T11:43:54.096+02:00  INFO 5864 --- [SafetyNetAlerts] [http-nio-8080-exec-2] o.a.c.c.C.[Tomcat].[localhost].[/]       : Initializing Spring DispatcherServlet 'dispatcherServlet'
2025-05-09T11:43:54.097+02:00  INFO 5864 --- [SafetyNetAlerts] [http-nio-8080-exec-2] o.s.web.servlet.DispatcherServlet        : Initializing Servlet 'dispatcherServlet'
2025-05-09T11:43:54.098+02:00  INFO 5864 --- [SafetyNetAlerts] [http-nio-8080-exec-2] o.s.web.servlet.DispatcherServlet        : Completed initialization in 0 ms
2025-05-09T11:43:54.101+02:00  INFO 5864 --- [SafetyNetAlerts] [http-nio-8080-exec-2] c.s.controller.FirestationController     : GET /firestation?stationNumber=1
2025-05-09T11:43:54.107+02:00  INFO 5864 --- [SafetyNetAlerts] [http-nio-8080-exec-2] c.s.controller.FirestationController     : Réponse : 6 pers. (5 adultes / 1 enfants)
2025-05-09T11:43:54.145+02:00  INFO 5864 --- [SafetyNetAlerts] [http-nio-8080-exec-3] c.s.controller.FirestationController     : POST /firestation – address=123 New St, station=5
2025-05-09T11:43:54.151+02:00  INFO 5864 --- [SafetyNetAlerts] [http-nio-8080-exec-3] c.s.service.FirestationService           : Added new firestation mapping: address=123 New St, station=5
2025-05-09T11:43:54.174+02:00  INFO 5864 --- [SafetyNetAlerts] [http-nio-8080-exec-4] c.s.controller.FirestationController     : PUT /firestation – address=1509 Culver St, newStation=1
2025-05-09T11:43:54.179+02:00  INFO 5864 --- [SafetyNetAlerts] [http-nio-8080-exec-4] c.s.service.FirestationService           : Updating firestation for address=1509 Culver St from station=3 to station=1
2025-05-09T11:43:54.208+02:00  INFO 5864 --- [SafetyNetAlerts] [http-nio-8080-exec-5] c.s.controller.FirestationController     : DELETE /firestation?address=123 New St
2025-05-09T11:43:54.213+02:00  INFO 5864 --- [SafetyNetAlerts] [http-nio-8080-exec-5] c.s.service.FirestationService           : Deleted firestation mapping for address=123 New St
2025-05-09T11:43:54.250+02:00  INFO 5864 --- [SafetyNetAlerts] [http-nio-8080-exec-6] c.s.controller.PersonController          : GET /person – liste complète
2025-05-09T11:43:54.251+02:00  INFO 5864 --- [SafetyNetAlerts] [http-nio-8080-exec-6] c.s.controller.PersonController          : 23 personne(s) trouvée(s)
2025-05-09T11:43:54.295+02:00  INFO 5864 --- [SafetyNetAlerts] [http-nio-8080-exec-7] c.s.controller.PersonController          : POST /person – création Bob
2025-05-09T11:43:54.297+02:00  INFO 5864 --- [SafetyNetAlerts] [http-nio-8080-exec-7] c.safetynetalerts.service.PersonService  : Added person: firstName=Bob, lastName=Marley, address=12 Jamaican St, city=Kingston, zip=12345, phone=555-777-8888, email=bob@marley.com
2025-05-09T11:43:54.344+02:00  INFO 5864 --- [SafetyNetAlerts] [http-nio-8080-exec-8] c.s.controller.PersonController          : PUT /person – mise à jour Bob
2025-05-09T11:43:54.344+02:00  INFO 5864 --- [SafetyNetAlerts] [http-nio-8080-exec-8] c.safetynetalerts.service.PersonService  : Updating person: Bob Marley
2025-05-09T11:43:54.385+02:00  INFO 5864 --- [SafetyNetAlerts] [http-nio-8080-exec-9] c.s.controller.PersonController          : DELETE /person – Bob Marley
2025-05-09T11:43:54.387+02:00  INFO 5864 --- [SafetyNetAlerts] [http-nio-8080-exec-9] c.safetynetalerts.service.PersonService  : Deleted person: firstName=Bob, lastName=Marley
2025-05-09T11:43:54.417+02:00  INFO 5864 --- [SafetyNetAlerts] [http-nio-8080-exec-10] c.s.controller.MedicalRecordController   : GET /medicalRecord – récupération de tous les dossiers
2025-05-09T11:43:54.419+02:00  INFO 5864 --- [SafetyNetAlerts] [http-nio-8080-exec-10] c.s.controller.MedicalRecordController   : 23 dossier(s) médical(aux) trouvé(s)
2025-05-09T11:43:54.452+02:00  INFO 5864 --- [SafetyNetAlerts] [http-nio-8080-exec-1] c.s.controller.MedicalRecordController   : POST /medicalRecord – création dossier pour Bob Marley
2025-05-09T11:43:54.453+02:00  INFO 5864 --- [SafetyNetAlerts] [http-nio-8080-exec-1] c.s.service.MedicalRecordService         : Added new medical record for Bob Marley. Birthdate=02/05/1990, medications=[doli:1000mg], allergies=[cigaretteSmoke]
2025-05-09T11:43:54.524+02:00  INFO 5864 --- [SafetyNetAlerts] [http-nio-8080-exec-2] c.s.controller.MedicalRecordController   : PUT /medicalRecord – mise à jour dossier pour Bob Marley
2025-05-09T11:43:54.524+02:00  INFO 5864 --- [SafetyNetAlerts] [http-nio-8080-exec-2] c.s.service.MedicalRecordService         : Updating medical record for Bob Marley
2025-05-09T11:43:54.617+02:00  INFO 5864 --- [SafetyNetAlerts] [http-nio-8080-exec-3] c.s.controller.MedicalRecordController   : DELETE /medicalRecord – Bob Marley
2025-05-09T11:43:54.618+02:00  INFO 5864 --- [SafetyNetAlerts] [http-nio-8080-exec-3] c.s.service.MedicalRecordService         : Deleted medical record for Bob Marley
2025-05-09T11:43:54.665+02:00  INFO 5864 --- [SafetyNetAlerts] [http-nio-8080-exec-4] c.s.controller.AlertController           : GET /childAlert?address=1509 Culver St
2025-05-09T11:43:54.667+02:00  INFO 5864 --- [SafetyNetAlerts] [http-nio-8080-exec-4] c.s.controller.AlertController           : Réponse : 2 enfant(s)
2025-05-09T11:43:54.745+02:00  INFO 5864 --- [SafetyNetAlerts] [http-nio-8080-exec-5] c.s.controller.AlertController           : GET /phoneAlert?firestation=3
2025-05-09T11:43:54.748+02:00  INFO 5864 --- [SafetyNetAlerts] [http-nio-8080-exec-5] c.s.controller.AlertController           : Réponse : 6 numéro(s)
2025-05-09T11:43:54.807+02:00  INFO 5864 --- [SafetyNetAlerts] [http-nio-8080-exec-6] c.s.controller.AlertController           : GET /fire?address=834 Binoc Ave
2025-05-09T11:43:54.810+02:00  INFO 5864 --- [SafetyNetAlerts] [http-nio-8080-exec-6] c.s.controller.AlertController           : Station 3 – 1 occupant(s)
2025-05-09T11:43:54.868+02:00  INFO 5864 --- [SafetyNetAlerts] [http-nio-8080-exec-7] c.s.controller.AlertController           : GET /flood/stations?stations=[1, 2, 3]
2025-05-09T11:43:54.872+02:00  INFO 5864 --- [SafetyNetAlerts] [http-nio-8080-exec-7] c.s.controller.AlertController           : Réponse : 10 foyer(s)
2025-05-09T11:43:54.949+02:00  INFO 5864 --- [SafetyNetAlerts] [http-nio-8080-exec-8] c.s.controller.AlertController           : GET /personInfo?lastName=Boyd
2025-05-09T11:43:54.953+02:00  INFO 5864 --- [SafetyNetAlerts] [http-nio-8080-exec-8] c.s.controller.AlertController           : Réponse : 6 personne(s)
2025-05-09T11:43:54.996+02:00  INFO 5864 --- [SafetyNetAlerts] [http-nio-8080-exec-9] c.s.controller.AlertController           : GET /communityEmail?city=Culver
2025-05-09T11:43:54.998+02:00  INFO 5864 --- [SafetyNetAlerts] [http-nio-8080-exec-9] c.s.controller.AlertController           : Réponse : 15 e‑mail(s)
2025-05-09T11:44:44.065+02:00  INFO 5864 --- [SafetyNetAlerts] [File Watcher] rtingClassPathChangeChangedEventListener : Restarting due to 1 class path change (0 additions, 0 deletions, 1 modification)
2025-05-09T11:44:44.067+02:00  INFO 5864 --- [SafetyNetAlerts] [Thread-27] o.s.b.w.e.tomcat.GracefulShutdown        : Commencing graceful shutdown. Waiting for active requests to complete
2025-05-09T11:44:44.077+02:00  INFO 5864 --- [SafetyNetAlerts] [tomcat-shutdown] o.s.b.w.e.tomcat.GracefulShutdown        : Graceful shutdown complete
2025-05-09T11:44:44.262+02:00  INFO 5864 --- [SafetyNetAlerts] [restartedMain] c.s.SafetyNetAlertsApplication           : Starting SafetyNetAlertsApplication using Java 21.0.3 with PID 5864 (C:\Users\Dev\Documents\OpenClassRooms\Formation_DevJava\P5\SafetyNetAlerts\target\classes started by Dev in C:\Users\Dev\Documents\OpenClassRooms\Formation_DevJava\P5\SafetyNetAlerts)
2025-05-09T11:44:44.271+02:00  INFO 5864 --- [SafetyNetAlerts] [restartedMain] c.s.SafetyNetAlertsApplication           : No active profile set, falling back to 1 default profile: "default"
2025-05-09T11:44:44.833+02:00  INFO 5864 --- [SafetyNetAlerts] [restartedMain] o.s.b.w.embedded.tomcat.TomcatWebServer  : Tomcat initialized with port 8080 (http)
2025-05-09T11:44:44.834+02:00  INFO 5864 --- [SafetyNetAlerts] [restartedMain] o.apache.catalina.core.StandardService   : Starting service [Tomcat]
2025-05-09T11:44:44.835+02:00  INFO 5864 --- [SafetyNetAlerts] [restartedMain] o.apache.catalina.core.StandardEngine    : Starting Servlet engine: [Apache Tomcat/10.1.39]
2025-05-09T11:44:44.861+02:00  INFO 5864 --- [SafetyNetAlerts] [restartedMain] o.a.c.c.C.[Tomcat].[localhost].[/]       : Initializing Spring embedded WebApplicationContext
2025-05-09T11:44:44.862+02:00  INFO 5864 --- [SafetyNetAlerts] [restartedMain] w.s.c.ServletWebServerApplicationContext : Root WebApplicationContext: initialization completed in 585 ms
2025-05-09T11:44:45.003+02:00  INFO 5864 --- [SafetyNetAlerts] [restartedMain] o.s.b.d.a.OptionalLiveReloadServer       : LiveReload server is running on port 35729
2025-05-09T11:44:45.013+02:00  INFO 5864 --- [SafetyNetAlerts] [restartedMain] o.s.b.w.embedded.tomcat.TomcatWebServer  : Tomcat started on port 8080 (http) with context path '/'
2025-05-09T11:44:45.016+02:00  INFO 5864 --- [SafetyNetAlerts] [restartedMain] c.s.SafetyNetAlertsApplication           : Started SafetyNetAlertsApplication in 0.816 seconds (process running for 619.098)
2025-05-09T11:44:45.017+02:00  INFO 5864 --- [SafetyNetAlerts] [restartedMain] .ConditionEvaluationDeltaLoggingListener : Condition evaluation unchanged
2025-05-09T11:45:19.269+02:00  INFO 5864 --- [SafetyNetAlerts] [File Watcher] rtingClassPathChangeChangedEventListener : Restarting due to 1 class path change (0 additions, 0 deletions, 1 modification)
2025-05-09T11:45:19.271+02:00  INFO 5864 --- [SafetyNetAlerts] [Thread-31] o.s.b.w.e.tomcat.GracefulShutdown        : Commencing graceful shutdown. Waiting for active requests to complete
2025-05-09T11:45:19.296+02:00  INFO 5864 --- [SafetyNetAlerts] [tomcat-shutdown] o.s.b.w.e.tomcat.GracefulShutdown        : Graceful shutdown complete
2025-05-09T11:45:19.402+02:00  INFO 5864 --- [SafetyNetAlerts] [restartedMain] c.s.SafetyNetAlertsApplication           : Starting SafetyNetAlertsApplication using Java 21.0.3 with PID 5864 (C:\Users\Dev\Documents\OpenClassRooms\Formation_DevJava\P5\SafetyNetAlerts\target\classes started by Dev in C:\Users\Dev\Documents\OpenClassRooms\Formation_DevJava\P5\SafetyNetAlerts)
2025-05-09T11:45:19.405+02:00  INFO 5864 --- [SafetyNetAlerts] [restartedMain] c.s.SafetyNetAlertsApplication           : No active profile set, falling back to 1 default profile: "default"
2025-05-09T11:45:19.561+02:00  INFO 5864 --- [SafetyNetAlerts] [restartedMain] o.s.b.w.embedded.tomcat.TomcatWebServer  : Tomcat initialized with port 8080 (http)
2025-05-09T11:45:19.563+02:00  INFO 5864 --- [SafetyNetAlerts] [restartedMain] o.apache.catalina.core.StandardService   : Starting service [Tomcat]
2025-05-09T11:45:19.563+02:00  INFO 5864 --- [SafetyNetAlerts] [restartedMain] o.apache.catalina.core.StandardEngine    : Starting Servlet engine: [Apache Tomcat/10.1.39]
2025-05-09T11:45:19.574+02:00  INFO 5864 --- [SafetyNetAlerts] [restartedMain] o.a.c.c.C.[Tomcat].[localhost].[/]       : Initializing Spring embedded WebApplicationContext
2025-05-09T11:45:19.574+02:00  INFO 5864 --- [SafetyNetAlerts] [restartedMain] w.s.c.ServletWebServerApplicationContext : Root WebApplicationContext: initialization completed in 164 ms
2025-05-09T11:45:19.649+02:00  INFO 5864 --- [SafetyNetAlerts] [restartedMain] o.s.b.d.a.OptionalLiveReloadServer       : LiveReload server is running on port 35729
2025-05-09T11:45:19.665+02:00  INFO 5864 --- [SafetyNetAlerts] [restartedMain] o.s.b.w.embedded.tomcat.TomcatWebServer  : Tomcat started on port 8080 (http) with context path '/'
2025-05-09T11:45:19.695+02:00  INFO 5864 --- [SafetyNetAlerts] [restartedMain] c.s.SafetyNetAlertsApplication           : Started SafetyNetAlertsApplication in 0.31 seconds (process running for 653.777)
2025-05-09T11:45:19.704+02:00  INFO 5864 --- [SafetyNetAlerts] [restartedMain] .ConditionEvaluationDeltaLoggingListener : Condition evaluation unchanged
2025-05-09T11:45:34.422+02:00  INFO 5864 --- [SafetyNetAlerts] [File Watcher] rtingClassPathChangeChangedEventListener : Restarting due to 1 class path change (0 additions, 0 deletions, 1 modification)
2025-05-09T11:45:34.423+02:00  INFO 5864 --- [SafetyNetAlerts] [Thread-35] o.s.b.w.e.tomcat.GracefulShutdown        : Commencing graceful shutdown. Waiting for active requests to complete
2025-05-09T11:45:34.430+02:00  INFO 5864 --- [SafetyNetAlerts] [tomcat-shutdown] o.s.b.w.e.tomcat.GracefulShutdown        : Graceful shutdown complete
2025-05-09T11:45:34.523+02:00  INFO 5864 --- [SafetyNetAlerts] [restartedMain] c.s.SafetyNetAlertsApplication           : Starting SafetyNetAlertsApplication using Java 21.0.3 with PID 5864 (C:\Users\Dev\Documents\OpenClassRooms\Formation_DevJava\P5\SafetyNetAlerts\target\classes started by Dev in C:\Users\Dev\Documents\OpenClassRooms\Formation_DevJava\P5\SafetyNetAlerts)
2025-05-09T11:45:34.524+02:00  INFO 5864 --- [SafetyNetAlerts] [restartedMain] c.s.SafetyNetAlertsApplication           : No active profile set, falling back to 1 default profile: "default"
2025-05-09T11:45:34.668+02:00  INFO 5864 --- [SafetyNetAlerts] [restartedMain] o.s.b.w.embedded.tomcat.TomcatWebServer  : Tomcat initialized with port 8080 (http)
2025-05-09T11:45:34.668+02:00  INFO 5864 --- [SafetyNetAlerts] [restartedMain] o.apache.catalina.core.StandardService   : Starting service [Tomcat]
2025-05-09T11:45:34.669+02:00  INFO 5864 --- [SafetyNetAlerts] [restartedMain] o.apache.catalina.core.StandardEngine    : Starting Servlet engine: [Apache Tomcat/10.1.39]
2025-05-09T11:45:34.679+02:00  INFO 5864 --- [SafetyNetAlerts] [restartedMain] o.a.c.c.C.[Tomcat].[localhost].[/]       : Initializing Spring embedded WebApplicationContext
2025-05-09T11:45:34.679+02:00  INFO 5864 --- [SafetyNetAlerts] [restartedMain] w.s.c.ServletWebServerApplicationContext : Root WebApplicationContext: initialization completed in 153 ms
2025-05-09T11:45:34.752+02:00  INFO 5864 --- [SafetyNetAlerts] [restartedMain] o.s.b.d.a.OptionalLiveReloadServer       : LiveReload server is running on port 35729
2025-05-09T11:45:34.757+02:00  INFO 5864 --- [SafetyNetAlerts] [restartedMain] o.s.b.w.embedded.tomcat.TomcatWebServer  : Tomcat started on port 8080 (http) with context path '/'
2025-05-09T11:45:34.759+02:00  INFO 5864 --- [SafetyNetAlerts] [restartedMain] c.s.SafetyNetAlertsApplication           : Started SafetyNetAlertsApplication in 0.262 seconds (process running for 668.842)
2025-05-09T11:45:34.760+02:00  INFO 5864 --- [SafetyNetAlerts] [restartedMain] .ConditionEvaluationDeltaLoggingListener : Condition evaluation unchanged
2025-05-09T11:45:51.546+02:00  INFO 5864 --- [SafetyNetAlerts] [File Watcher] rtingClassPathChangeChangedEventListener : Restarting due to 1 class path change (0 additions, 0 deletions, 1 modification)
2025-05-09T11:45:51.548+02:00  INFO 5864 --- [SafetyNetAlerts] [Thread-39] o.s.b.w.e.tomcat.GracefulShutdown        : Commencing graceful shutdown. Waiting for active requests to complete
2025-05-09T11:45:51.559+02:00  INFO 5864 --- [SafetyNetAlerts] [tomcat-shutdown] o.s.b.w.e.tomcat.GracefulShutdown        : Graceful shutdown complete
2025-05-09T11:45:51.685+02:00  INFO 5864 --- [SafetyNetAlerts] [restartedMain] c.s.SafetyNetAlertsApplication           : Starting SafetyNetAlertsApplication using Java 21.0.3 with PID 5864 (C:\Users\Dev\Documents\OpenClassRooms\Formation_DevJava\P5\SafetyNetAlerts\target\classes started by Dev in C:\Users\Dev\Documents\OpenClassRooms\Formation_DevJava\P5\SafetyNetAlerts)
2025-05-09T11:45:51.686+02:00  INFO 5864 --- [SafetyNetAlerts] [restartedMain] c.s.SafetyNetAlertsApplication           : No active profile set, falling back to 1 default profile: "default"
2025-05-09T11:45:52.016+02:00  INFO 5864 --- [SafetyNetAlerts] [restartedMain] o.s.b.w.embedded.tomcat.TomcatWebServer  : Tomcat initialized with port 8080 (http)
2025-05-09T11:45:52.019+02:00  INFO 5864 --- [SafetyNetAlerts] [restartedMain] o.apache.catalina.core.StandardService   : Starting service [Tomcat]
2025-05-09T11:45:52.020+02:00  INFO 5864 --- [SafetyNetAlerts] [restartedMain] o.apache.catalina.core.StandardEngine    : Starting Servlet engine: [Apache Tomcat/10.1.39]
2025-05-09T11:45:52.036+02:00  INFO 5864 --- [SafetyNetAlerts] [restartedMain] o.a.c.c.C.[Tomcat].[localhost].[/]       : Initializing Spring embedded WebApplicationContext
2025-05-09T11:45:52.037+02:00  INFO 5864 --- [SafetyNetAlerts] [restartedMain] w.s.c.ServletWebServerApplicationContext : Root WebApplicationContext: initialization completed in 342 ms
2025-05-09T11:45:52.113+02:00  INFO 5864 --- [SafetyNetAlerts] [restartedMain] o.s.b.d.a.OptionalLiveReloadServer       : LiveReload server is running on port 35729
2025-05-09T11:45:52.120+02:00  INFO 5864 --- [SafetyNetAlerts] [restartedMain] o.s.b.w.embedded.tomcat.TomcatWebServer  : Tomcat started on port 8080 (http) with context path '/'
2025-05-09T11:45:52.122+02:00  INFO 5864 --- [SafetyNetAlerts] [restartedMain] c.s.SafetyNetAlertsApplication           : Started SafetyNetAlertsApplication in 0.479 seconds (process running for 686.205)
2025-05-09T11:45:52.124+02:00  INFO 5864 --- [SafetyNetAlerts] [restartedMain] .ConditionEvaluationDeltaLoggingListener : Condition evaluation unchanged
2025-05-09T11:45:59.635+02:00  INFO 5864 --- [SafetyNetAlerts] [http-nio-8080-exec-2] o.a.c.c.C.[Tomcat].[localhost].[/]       : Initializing Spring DispatcherServlet 'dispatcherServlet'
2025-05-09T11:45:59.635+02:00  INFO 5864 --- [SafetyNetAlerts] [http-nio-8080-exec-2] o.s.web.servlet.DispatcherServlet        : Initializing Servlet 'dispatcherServlet'
2025-05-09T11:45:59.636+02:00  INFO 5864 --- [SafetyNetAlerts] [http-nio-8080-exec-2] o.s.web.servlet.DispatcherServlet        : Completed initialization in 1 ms
2025-05-09T11:45:59.638+02:00  INFO 5864 --- [SafetyNetAlerts] [http-nio-8080-exec-2] c.s.controller.FirestationController     : GET /firestation?stationNumber=1
2025-05-09T11:45:59.642+02:00  INFO 5864 --- [SafetyNetAlerts] [http-nio-8080-exec-2] c.s.controller.FirestationController     : Réponse : 6 pers. (5 adultes / 1 enfants)
2025-05-09T11:45:59.677+02:00  INFO 5864 --- [SafetyNetAlerts] [http-nio-8080-exec-5] c.s.controller.FirestationController     : POST /firestation – address=123 New St, station=5
2025-05-09T11:45:59.678+02:00  INFO 5864 --- [SafetyNetAlerts] [http-nio-8080-exec-5] c.s.service.FirestationService           : Added new firestation mapping: address=123 New St, station=5
2025-05-09T11:45:59.704+02:00  INFO 5864 --- [SafetyNetAlerts] [http-nio-8080-exec-6] c.s.controller.FirestationController     : PUT /firestation – address=1509 Culver St, newStation=1
2025-05-09T11:45:59.705+02:00  INFO 5864 --- [SafetyNetAlerts] [http-nio-8080-exec-6] c.s.service.FirestationService           : Updating firestation for address=1509 Culver St from station=3 to station=1
2025-05-09T11:45:59.733+02:00  INFO 5864 --- [SafetyNetAlerts] [http-nio-8080-exec-3] c.s.controller.FirestationController     : DELETE /firestation?address=123 New St
2025-05-09T11:45:59.735+02:00  INFO 5864 --- [SafetyNetAlerts] [http-nio-8080-exec-3] c.s.service.FirestationService           : Deleted firestation mapping for address=123 New St
2025-05-09T11:45:59.767+02:00  INFO 5864 --- [SafetyNetAlerts] [http-nio-8080-exec-4] c.s.controller.PersonController          : GET /person – liste complète
2025-05-09T11:45:59.768+02:00  INFO 5864 --- [SafetyNetAlerts] [http-nio-8080-exec-4] c.s.controller.PersonController          : 23 personne(s) trouvée(s)
2025-05-09T11:45:59.917+02:00  INFO 5864 --- [SafetyNetAlerts] [http-nio-8080-exec-7] c.s.controller.PersonController          : POST /person – création Bob
2025-05-09T11:45:59.918+02:00  INFO 5864 --- [SafetyNetAlerts] [http-nio-8080-exec-7] c.safetynetalerts.service.PersonService  : Added person: firstName=Bob, lastName=Marley, address=12 Jamaican St, city=Kingston, zip=12345, phone=555-777-8888, email=bob@marley.com
2025-05-09T11:45:59.979+02:00  INFO 5864 --- [SafetyNetAlerts] [http-nio-8080-exec-8] c.s.controller.PersonController          : PUT /person – mise à jour Bob
2025-05-09T11:45:59.980+02:00  INFO 5864 --- [SafetyNetAlerts] [http-nio-8080-exec-8] c.safetynetalerts.service.PersonService  : Updating person: Bob Marley
2025-05-09T11:46:00.059+02:00  INFO 5864 --- [SafetyNetAlerts] [http-nio-8080-exec-9] c.s.controller.PersonController          : DELETE /person – Bob Marley
2025-05-09T11:46:00.061+02:00  INFO 5864 --- [SafetyNetAlerts] [http-nio-8080-exec-9] c.safetynetalerts.service.PersonService  : Deleted person: firstName=Bob, lastName=Marley
2025-05-09T11:46:00.106+02:00  INFO 5864 --- [SafetyNetAlerts] [http-nio-8080-exec-10] c.s.controller.MedicalRecordController   : GET /medicalRecord – récupération de tous les dossiers
2025-05-09T11:46:00.107+02:00  INFO 5864 --- [SafetyNetAlerts] [http-nio-8080-exec-10] c.s.controller.MedicalRecordController   : 23 dossier(s) médical(aux) trouvé(s)
2025-05-09T11:46:00.153+02:00  INFO 5864 --- [SafetyNetAlerts] [http-nio-8080-exec-1] c.s.controller.MedicalRecordController   : POST /medicalRecord – création dossier pour Bob Marley
2025-05-09T11:46:00.154+02:00  INFO 5864 --- [SafetyNetAlerts] [http-nio-8080-exec-1] c.s.service.MedicalRecordService         : Added new medical record for Bob Marley. Birthdate=02/05/1990, medications=[doli:1000mg], allergies=[cigaretteSmoke]
2025-05-09T11:46:00.214+02:00  INFO 5864 --- [SafetyNetAlerts] [http-nio-8080-exec-2] c.s.controller.MedicalRecordController   : PUT /medicalRecord – mise à jour dossier pour Bob Marley
2025-05-09T11:46:00.214+02:00  INFO 5864 --- [SafetyNetAlerts] [http-nio-8080-exec-2] c.s.service.MedicalRecordService         : Updating medical record for Bob Marley
2025-05-09T11:46:00.292+02:00  INFO 5864 --- [SafetyNetAlerts] [http-nio-8080-exec-5] c.s.controller.MedicalRecordController   : DELETE /medicalRecord – Bob Marley
2025-05-09T11:46:00.294+02:00  INFO 5864 --- [SafetyNetAlerts] [http-nio-8080-exec-5] c.s.service.MedicalRecordService         : Deleted medical record for Bob Marley
2025-05-09T11:46:00.355+02:00  INFO 5864 --- [SafetyNetAlerts] [http-nio-8080-exec-6] c.s.controller.AlertController           : GET /childAlert?address=1509 Culver St
2025-05-09T11:46:00.359+02:00  INFO 5864 --- [SafetyNetAlerts] [http-nio-8080-exec-6] c.s.controller.AlertController           : Réponse : 2 enfant(s)
2025-05-09T11:46:00.418+02:00  INFO 5864 --- [SafetyNetAlerts] [http-nio-8080-exec-3] c.s.controller.AlertController           : GET /phoneAlert?firestation=3
2025-05-09T11:46:00.420+02:00  INFO 5864 --- [SafetyNetAlerts] [http-nio-8080-exec-3] c.s.controller.AlertController           : Réponse : 6 numéro(s)
2025-05-09T11:46:00.495+02:00  INFO 5864 --- [SafetyNetAlerts] [http-nio-8080-exec-4] c.s.controller.AlertController           : GET /fire?address=834 Binoc Ave
2025-05-09T11:46:00.496+02:00  INFO 5864 --- [SafetyNetAlerts] [http-nio-8080-exec-4] c.s.controller.AlertController           : Station 3 – 1 occupant(s)
2025-05-09T11:46:00.542+02:00  INFO 5864 --- [SafetyNetAlerts] [http-nio-8080-exec-7] c.s.controller.AlertController           : GET /flood/stations?stations=[1, 2, 3]
2025-05-09T11:46:00.550+02:00  INFO 5864 --- [SafetyNetAlerts] [http-nio-8080-exec-7] c.s.controller.AlertController           : Réponse : 10 foyer(s)
2025-05-09T11:46:00.623+02:00  INFO 5864 --- [SafetyNetAlerts] [http-nio-8080-exec-8] c.s.controller.AlertController           : GET /personInfo?lastName=Boyd
2025-05-09T11:46:00.628+02:00  INFO 5864 --- [SafetyNetAlerts] [http-nio-8080-exec-8] c.s.controller.AlertController           : Réponse : 6 personne(s)
2025-05-09T11:46:00.675+02:00  INFO 5864 --- [SafetyNetAlerts] [http-nio-8080-exec-9] c.s.controller.AlertController           : GET /communityEmail?city=Culver
2025-05-09T11:46:00.680+02:00  INFO 5864 --- [SafetyNetAlerts] [http-nio-8080-exec-9] c.s.controller.AlertController           : Réponse : 15 e‑mail(s)
